#
# There is insufficient memory for the Java Runtime Environment to continue.
# Native memory allocation (malloc) failed to allocate 213136 bytes for Chunk::new
# Possible reasons:
#   The system is out of physical RAM or swap space
#   The process is running with CompressedOops enabled, and the Java Heap may be blocking the growth of the native heap
# Possible solutions:
#   Reduce memory load on the system
#   Increase physical memory or swap space
#   Check if swap backing store is full
#   Decrease Java heap size (-Xmx/-Xms)
#   Decrease number of Java threads
#   Decrease Java thread stack sizes (-Xss)
#   Set larger code cache with -XX:ReservedCodeCacheSize=
#   JVM is running with Unscaled Compressed Oops mode in which the Java heap is
#     placed in the first 4GB address space. The Java Heap base address is the
#     maximum limit for the native heap growth. Please use -XX:HeapBaseMinAddress
#     to set the Java Heap base and to place the Java Heap above 4GB virtual address.
# This output file may be truncated or incomplete.
#
#  Out of Memory Error (allocation.cpp:389), pid=9164, tid=0x0000000000001030
#
# JRE version: OpenJDK Runtime Environment (8.0_202-b03) (build 1.8.0_202-release-1483-b03)
# Java VM: OpenJDK 64-Bit Server VM (25.202-b03 mixed mode windows-amd64 compressed oops)
# Failed to write core dump. Minidumps are not enabled by default on client versions of Windows
#

---------------  T H R E A D  ---------------

Current thread (0x0000000015c14800):  JavaThread "C2 CompilerThread0" daemon [_thread_in_native, id=4144, stack(0x0000000016c40000,0x0000000016d40000)]

Stack: [0x0000000016c40000,0x0000000016d40000]
[error occurred during error reporting (printing stack bounds), id 0xc0000005]

Native frames: (J=compiled Java code, j=interpreted, Vv=VM code, C=native code)


Current CompileTask:
C2:  45653 3486       4       java.lang.ClassLoader::checkPackageAccess (122 bytes)


---------------  P R O C E S S  ---------------

Java Threads: ( => current thread )
  0x000000001c360800 JavaThread "Build operations Thread 2" [_thread_blocked, id=10904, stack(0x000000001dc10000,0x000000001dd10000)]
  0x000000001c35e000 JavaThread "Build operations" [_thread_blocked, id=10900, stack(0x000000001db10000,0x000000001dc10000)]
  0x000000001c35f000 JavaThread "Cache worker for execution history cache (C:\Users\Eshpo'latov Kamol\.gradle\caches\5.4.1\executionHistory)" [_thread_blocked, id=10888, stack(0x000000001d810000,0x000000001d910000)]
  0x0000000017dc8000 JavaThread "Cache worker for cache directory md-rule (C:\Users\Eshpo'latov Kamol\.gradle\caches\5.4.1\md-rule)" [_thread_blocked, id=10884, stack(0x000000001d510000,0x000000001d610000)]
  0x0000000017dc7800 JavaThread "Cache worker for cache directory md-supplier (C:\Users\Eshpo'latov Kamol\.gradle\caches\5.4.1\md-supplier)" [_thread_blocked, id=10880, stack(0x000000001d410000,0x000000001d510000)]
  0x0000000017dc5000 JavaThread "Cache worker for file hash cache (C:\Users\Eshpo'latov Kamol\AndroidStudioProjects\Intlekt\.gradle\5.4.1\fileHashes)" [_thread_blocked, id=10752, stack(0x000000001b570000,0x000000001b670000)]
  0x0000000017dc3800 JavaThread "Cache worker for journal cache (C:\Users\Eshpo'latov Kamol\.gradle\caches\journal-1)" [_thread_blocked, id=10696, stack(0x000000001a0a0000,0x000000001a1a0000)]
  0x0000000017dc4800 JavaThread "File lock request listener" [_thread_in_native, id=10692, stack(0x0000000019fa0000,0x000000001a0a0000)]
  0x00000000177fa000 JavaThread "Cache worker for file hash cache (C:\Users\Eshpo'latov Kamol\.gradle\caches\5.4.1\fileHashes)" [_thread_blocked, id=10688, stack(0x0000000019ea0000,0x0000000019fa0000)]
  0x0000000017135800 JavaThread "Thread-9" [_thread_blocked, id=10676, stack(0x0000000019da0000,0x0000000019ea0000)]
  0x0000000017130000 JavaThread "Stdin handler" [_thread_blocked, id=10672, stack(0x0000000019ca0000,0x0000000019da0000)]
  0x0000000017d3b000 JavaThread "Asynchronous log dispatcher for DefaultDaemonConnection: socket connection from /127.0.0.1:63681 to /127.0.0.1:63682" [_thread_blocked, id=10668, stack(0x0000000019ba0000,0x0000000019ca0000)]
  0x0000000017d38800 JavaThread "Daemon worker" [_thread_in_vm, id=10656, stack(0x0000000019aa0000,0x0000000019ba0000)]
  0x0000000017d35800 JavaThread "Cancel handler" [_thread_blocked, id=10652, stack(0x00000000199a0000,0x0000000019aa0000)]
  0x000000001728f000 JavaThread "Handler for socket connection from /127.0.0.1:63681 to /127.0.0.1:63682" [_thread_in_native, id=10644, stack(0x00000000196a0000,0x00000000197a0000)]
  0x0000000017291000 JavaThread "Daemon" [_thread_blocked, id=10640, stack(0x00000000195a0000,0x00000000196a0000)]
  0x000000001751b000 JavaThread "Daemon periodic checks" [_thread_blocked, id=10636, stack(0x00000000194a0000,0x00000000195a0000)]
  0x0000000017089000 JavaThread "Incoming local TCP Connector on port 63681" [_thread_in_native, id=10628, stack(0x0000000019250000,0x0000000019350000)]
  0x00000000180f4800 JavaThread "Daemon health stats" [_thread_blocked, id=10068, stack(0x0000000018c10000,0x0000000018d10000)]
  0x0000000015c6c000 JavaThread "Service Thread" daemon [_thread_blocked, id=10232, stack(0x0000000016e40000,0x0000000016f40000)]
  0x0000000015c64000 JavaThread "C1 CompilerThread1" daemon [_thread_blocked, id=2256, stack(0x0000000016d40000,0x0000000016e40000)]
=>0x0000000015c14800 JavaThread "C2 CompilerThread0" daemon [_thread_in_native, id=4144, stack(0x0000000016c40000,0x0000000016d40000)]
  0x0000000015c11800 JavaThread "Attach Listener" daemon [_thread_blocked, id=5632, stack(0x0000000016b40000,0x0000000016c40000)]
  0x0000000015c0e000 JavaThread "Signal Dispatcher" daemon [_thread_blocked, id=8152, stack(0x0000000016a40000,0x0000000016b40000)]
  0x00000000024d8000 JavaThread "Finalizer" daemon [_thread_blocked, id=5260, stack(0x0000000016840000,0x0000000016940000)]
  0x0000000015bf7000 JavaThread "Reference Handler" daemon [_thread_blocked, id=2460, stack(0x0000000016740000,0x0000000016840000)]
  0x00000000023e2800 JavaThread "main" [_thread_blocked, id=6124, stack(0x00000000022e0000,0x00000000023e0000)]

Other Threads:
  0x0000000015bd5000 VMThread [stack: 0x0000000016640000,0x0000000016740000] [id=3688]
  0x0000000015c6f000 WatcherThread [stack: 0x0000000016f40000,0x0000000017040000] [id=8920]

VM state:not at safepoint (normal execution)

VM Mutex/Monitor currently owned by a thread: None

heap address: 0x00000000a0000000, size: 1536 MB, Compressed Oops mode: 32-bit
Narrow klass base: 0x0000000000000000, Narrow klass shift: 3
Compressed class space size: 1073741824 Address: 0x0000000100000000

Heap:
 PSYoungGen      total 111104K, used 42245K [0x00000000e0000000, 0x00000000ea180000, 0x0000000100000000)
  eden space 102400K, 41% used [0x00000000e0000000,0x00000000e29416e8,0x00000000e6400000)
  from space 8704K, 0% used [0x00000000e9900000,0x00000000e9900000,0x00000000ea180000)
  to   space 8192K, 0% used [0x00000000e6400000,0x00000000e6400000,0x00000000e6c00000)
 ParOldGen       total 28672K, used 15344K [0x00000000a0000000, 0x00000000a1c00000, 0x00000000e0000000)
  object space 28672K, 53% used [0x00000000a0000000,0x00000000a0efc1e0,0x00000000a1c00000)
 Metaspace       used 40654K, capacity 41396K, committed 41856K, reserved 1085440K
  class space    used 5490K, capacity 5726K, committed 5760K, reserved 1048576K

Card table byte_map: [0x00000000118a0000,0x0000000011bb0000] byte_map_base: 0x00000000113a0000

Marking Bits: (ParMarkBitMap*) 0x00000000769c9f30
 Begin Bits: [0x0000000011fb0000, 0x00000000137b0000)
 End Bits:   [0x00000000137b0000, 0x0000000014fb0000)

Polling page: 0x00000000001f0000

CodeCache: size=245760Kb used=11192Kb max_used=11299Kb free=234567Kb
 bounds [0x00000000024e0000, 0x0000000003000000, 0x00000000114e0000]
 total_blobs=3997 nmethods=3261 adapters=649
 compilation: enabled

Compilation events (10 events):
Event: 45.620 Thread 0x0000000015c64000 nmethod 3482 0x0000000002fe7c50 code [0x0000000002fe7e00, 0x0000000002fe84e8]
Event: 45.622 Thread 0x0000000015c64000 3483       3       java.net.URI::defineString (289 bytes)
Event: 45.627 Thread 0x0000000015c64000 nmethod 3483 0x0000000002fec510 code [0x0000000002fecb00, 0x0000000002ff2728]
Event: 45.629 Thread 0x0000000015c64000 3484       3       org.gradle.internal.service.DefaultServiceRegistry$FactoryService::assembleParameters (58 bytes)
Event: 45.629 Thread 0x0000000015c64000 nmethod 3484 0x00000000026b7150 code [0x00000000026b7300, 0x00000000026b78e8]
Event: 45.630 Thread 0x0000000015c64000 3485       3       org.gradle.internal.operations.DefaultBuildOperationExecutor::getCurrentBuildOperation (11 bytes)
Event: 45.630 Thread 0x0000000015c64000 nmethod 3485 0x000000000264cd10 code [0x000000000264cea0, 0x000000000264d328]
Event: 45.634 Thread 0x0000000015c14800 3486       4       java.lang.ClassLoader::checkPackageAccess (122 bytes)
Event: 45.635 Thread 0x0000000015c64000 3487       1       org.gradle.api.internal.collections.SortedSetElementSource::getMutationGuard (5 bytes)
Event: 45.636 Thread 0x0000000015c64000 nmethod 3487 0x0000000002658310 code [0x0000000002658460, 0x0000000002658570]

GC Heap History (10 events):
Event: 36.791 GC heap before
{Heap before GC invocations=10 (full 1):
 PSYoungGen      total 72192K, used 4026K [0x00000000e0000000, 0x00000000e7400000, 0x0000000100000000)
  eden space 65024K, 0% used [0x00000000e0000000,0x00000000e0000000,0x00000000e3f80000)
  from space 7168K, 56% used [0x00000000e3f80000,0x00000000e436eb38,0x00000000e4680000)
  to   space 7168K, 0% used [0x00000000e6d00000,0x00000000e6d00000,0x00000000e7400000)
 ParOldGen       total 44032K, used 7712K [0x00000000a0000000, 0x00000000a2b00000, 0x00000000e0000000)
  object space 44032K, 17% used [0x00000000a0000000,0x00000000a0788340,0x00000000a2b00000)
 Metaspace       used 20649K, capacity 21024K, committed 21296K, reserved 1067008K
  class space    used 2910K, capacity 3098K, committed 3200K, reserved 1048576K
Event: 36.911 GC heap after
Heap after GC invocations=10 (full 1):
 PSYoungGen      total 72192K, used 0K [0x00000000e0000000, 0x00000000e7400000, 0x0000000100000000)
  eden space 65024K, 0% used [0x00000000e0000000,0x00000000e0000000,0x00000000e3f80000)
  from space 7168K, 0% used [0x00000000e3f80000,0x00000000e3f80000,0x00000000e4680000)
  to   space 7168K, 0% used [0x00000000e6d00000,0x00000000e6d00000,0x00000000e7400000)
 ParOldGen       total 28672K, used 7939K [0x00000000a0000000, 0x00000000a1c00000, 0x00000000e0000000)
  object space 28672K, 27% used [0x00000000a0000000,0x00000000a07c0d00,0x00000000a1c00000)
 Metaspace       used 20649K, capacity 21024K, committed 21296K, reserved 1067008K
  class space    used 2910K, capacity 3098K, committed 3200K, reserved 1048576K
}
Event: 40.131 GC heap before
{Heap before GC invocations=11 (full 1):
 PSYoungGen      total 72192K, used 65024K [0x00000000e0000000, 0x00000000e7400000, 0x0000000100000000)
  eden space 65024K, 100% used [0x00000000e0000000,0x00000000e3f80000,0x00000000e3f80000)
  from space 7168K, 0% used [0x00000000e3f80000,0x00000000e3f80000,0x00000000e4680000)
  to   space 7168K, 0% used [0x00000000e6d00000,0x00000000e6d00000,0x00000000e7400000)
 ParOldGen       total 28672K, used 7939K [0x00000000a0000000, 0x00000000a1c00000, 0x00000000e0000000)
  object space 28672K, 27% used [0x00000000a0000000,0x00000000a07c0d00,0x00000000a1c00000)
 Metaspace       used 28623K, capacity 29050K, committed 29440K, reserved 1075200K
  class space    used 3855K, capacity 4013K, committed 4096K, reserved 1048576K
Event: 40.145 GC heap after
Heap after GC invocations=11 (full 1):
 PSYoungGen      total 105984K, used 7163K [0x00000000e0000000, 0x00000000e7400000, 0x0000000100000000)
  eden space 98816K, 0% used [0x00000000e0000000,0x00000000e0000000,0x00000000e6080000)
  from space 7168K, 99% used [0x00000000e6d00000,0x00000000e73fee90,0x00000000e7400000)
  to   space 8192K, 0% used [0x00000000e6400000,0x00000000e6400000,0x00000000e6c00000)
 ParOldGen       total 28672K, used 8551K [0x00000000a0000000, 0x00000000a1c00000, 0x00000000e0000000)
  object space 28672K, 29% used [0x00000000a0000000,0x00000000a0859d50,0x00000000a1c00000)
 Metaspace       used 28623K, capacity 29050K, committed 29440K, reserved 1075200K
  class space    used 3855K, capacity 4013K, committed 4096K, reserved 1048576K
}
Event: 43.052 GC heap before
{Heap before GC invocations=12 (full 1):
 PSYoungGen      total 105984K, used 105979K [0x00000000e0000000, 0x00000000e7400000, 0x0000000100000000)
  eden space 98816K, 100% used [0x00000000e0000000,0x00000000e6080000,0x00000000e6080000)
  from space 7168K, 99% used [0x00000000e6d00000,0x00000000e73fee90,0x00000000e7400000)
  to   space 8192K, 0% used [0x00000000e6400000,0x00000000e6400000,0x00000000e6c00000)
 ParOldGen       total 28672K, used 8551K [0x00000000a0000000, 0x00000000a1c00000, 0x00000000e0000000)
  object space 28672K, 29% used [0x00000000a0000000,0x00000000a0859d50,0x00000000a1c00000)
 Metaspace       used 33857K, capacity 34384K, committed 34816K, reserved 1079296K
  class space    used 4656K, capacity 4819K, committed 4864K, reserved 1048576K
Event: 43.074 GC heap after
Heap after GC invocations=12 (full 1):
 PSYoungGen      total 110592K, used 7864K [0x00000000e0000000, 0x00000000ea180000, 0x0000000100000000)
  eden space 102400K, 0% used [0x00000000e0000000,0x00000000e0000000,0x00000000e6400000)
  from space 8192K, 95% used [0x00000000e6400000,0x00000000e6bae140,0x00000000e6c00000)
  to   space 8704K, 0% used [0x00000000e9900000,0x00000000e9900000,0x00000000ea180000)
 ParOldGen       total 28672K, used 11779K [0x00000000a0000000, 0x00000000a1c00000, 0x00000000e0000000)
  object space 28672K, 41% used [0x00000000a0000000,0x00000000a0b80d70,0x00000000a1c00000)
 Metaspace       used 33857K, capacity 34384K, committed 34816K, reserved 1079296K
  class space    used 4656K, capacity 4819K, committed 4864K, reserved 1048576K
}
Event: 44.251 GC heap before
{Heap before GC invocations=13 (full 1):
 PSYoungGen      total 110592K, used 26701K [0x00000000e0000000, 0x00000000ea180000, 0x0000000100000000)
  eden space 102400K, 18% used [0x00000000e0000000,0x00000000e12653d8,0x00000000e6400000)
  from space 8192K, 95% used [0x00000000e6400000,0x00000000e6bae140,0x00000000e6c00000)
  to   space 8704K, 0% used [0x00000000e9900000,0x00000000e9900000,0x00000000ea180000)
 ParOldGen       total 28672K, used 11779K [0x00000000a0000000, 0x00000000a1c00000, 0x00000000e0000000)
  object space 28672K, 41% used [0x00000000a0000000,0x00000000a0b80d70,0x00000000a1c00000)
 Metaspace       used 34581K, capacity 35248K, committed 35456K, reserved 1079296K
  class space    used 4753K, capacity 4937K, committed 4992K, reserved 1048576K
Event: 44.262 GC heap after
Heap after GC invocations=13 (full 1):
 PSYoungGen      total 111104K, used 2534K [0x00000000e0000000, 0x00000000ea180000, 0x0000000100000000)
  eden space 102400K, 0% used [0x00000000e0000000,0x00000000e0000000,0x00000000e6400000)
  from space 8704K, 29% used [0x00000000e9900000,0x00000000e9b798f8,0x00000000ea180000)
  to   space 8192K, 0% used [0x00000000e6400000,0x00000000e6400000,0x00000000e6c00000)
 ParOldGen       total 28672K, used 14642K [0x00000000a0000000, 0x00000000a1c00000, 0x00000000e0000000)
  object space 28672K, 51% used [0x00000000a0000000,0x00000000a0e4c938,0x00000000a1c00000)
 Metaspace       used 34581K, capacity 35248K, committed 35456K, reserved 1079296K
  class space    used 4753K, capacity 4937K, committed 4992K, reserved 1048576K
}
Event: 44.262 GC heap before
{Heap before GC invocations=14 (full 2):
 PSYoungGen      total 111104K, used 2534K [0x00000000e0000000, 0x00000000ea180000, 0x0000000100000000)
  eden space 102400K, 0% used [0x00000000e0000000,0x00000000e0000000,0x00000000e6400000)
  from space 8704K, 29% used [0x00000000e9900000,0x00000000e9b798f8,0x00000000ea180000)
  to   space 8192K, 0% used [0x00000000e6400000,0x00000000e6400000,0x00000000e6c00000)
 ParOldGen       total 28672K, used 14642K [0x00000000a0000000, 0x00000000a1c00000, 0x00000000e0000000)
  object space 28672K, 51% used [0x00000000a0000000,0x00000000a0e4c938,0x00000000a1c00000)
 Metaspace       used 34581K, capacity 35248K, committed 35456K, reserved 1079296K
  class space    used 4753K, capacity 4937K, committed 4992K, reserved 1048576K
Event: 44.390 GC heap after
Heap after GC invocations=14 (full 2):
 PSYoungGen      total 111104K, used 0K [0x00000000e0000000, 0x00000000ea180000, 0x0000000100000000)
  eden space 102400K, 0% used [0x00000000e0000000,0x00000000e0000000,0x00000000e6400000)
  from space 8704K, 0% used [0x00000000e9900000,0x00000000e9900000,0x00000000ea180000)
  to   space 8192K, 0% used [0x00000000e6400000,0x00000000e6400000,0x00000000e6c00000)
 ParOldGen       total 28672K, used 15344K [0x00000000a0000000, 0x00000000a1c00000, 0x00000000e0000000)
  object space 28672K, 53% used [0x00000000a0000000,0x00000000a0efc1e0,0x00000000a1c00000)
 Metaspace       used 34581K, capacity 35248K, committed 35456K, reserved 1079296K
  class space    used 4753K, capacity 4937K, committed 4992K, reserved 1048576K
}

Deoptimization events (10 events):
Event: 41.246 Thread 0x0000000017d38800 Uncommon trap: reason=unstable_if action=reinterpret pc=0x000000000264a1a0 method=java.net.URI.match(CJJ)Z @ 45
Event: 41.247 Thread 0x0000000017d38800 Uncommon trap: reason=unstable_if action=reinterpret pc=0x0000000002649960 method=java.net.URI.match(CJJ)Z @ 45
Event: 44.210 Thread 0x0000000017d38800 Uncommon trap: reason=bimorphic action=maybe_recompile pc=0x0000000002a13128 method=java.lang.ClassLoader.getPackage(Ljava/lang/String;)Ljava/lang/Package; @ 47
Event: 44.210 Thread 0x0000000017d38800 Uncommon trap: reason=bimorphic action=maybe_recompile pc=0x0000000002a13128 method=java.lang.ClassLoader.getPackage(Ljava/lang/String;)Ljava/lang/Package; @ 47
Event: 44.211 Thread 0x0000000017d38800 Uncommon trap: reason=bimorphic action=maybe_recompile pc=0x0000000002a13128 method=java.lang.ClassLoader.getPackage(Ljava/lang/String;)Ljava/lang/Package; @ 47
Event: 44.211 Thread 0x0000000017d38800 Uncommon trap: reason=bimorphic action=maybe_recompile pc=0x0000000002a13128 method=java.lang.ClassLoader.getPackage(Ljava/lang/String;)Ljava/lang/Package; @ 47
Event: 44.494 Thread 0x0000000017d38800 Uncommon trap: reason=unstable_if action=reinterpret pc=0x0000000002ebdaf8 method=java.io.BufferedInputStream.read([BII)I @ 56
Event: 44.496 Thread 0x0000000017d38800 Uncommon trap: reason=unstable_if action=reinterpret pc=0x0000000002d77050 method=java.util.regex.Pattern.has(I)Z @ 6
Event: 44.779 Thread 0x0000000017d38800 Uncommon trap: reason=unstable_if action=reinterpret pc=0x0000000002eb0c14 method=java.security.CodeSource.hashCode()I @ 4
Event: 44.779 Thread 0x0000000017d38800 Uncommon trap: reason=unstable_if action=reinterpret pc=0x0000000002d9130c method=java.security.CodeSource.hashCode()I @ 4

Classes redefined (0 events):
No events

Internal exceptions (10 events):
Event: 44.097 Thread 0x0000000017d38800 Exception <a 'java/lang/ClassNotFoundException': org/gradle/api/DefaultTaskCustomizer> (0x00000000e0e85bf8) thrown at [D:\src\AOSP-openjdk-cygwin\jdk8u\hotspot\src\share\vm\classfile\systemDictionary.cpp, line 210]
Event: 44.099 Thread 0x0000000017d38800 Exception <a 'java/lang/ClassNotFoundException': org/gradle/api/internal/ConventionTaskCustomizer> (0x00000000e0ec4088) thrown at [D:\src\AOSP-openjdk-cygwin\jdk8u\hotspot\src\share\vm\classfile\systemDictionary.cpp, line 210]
Event: 44.101 Thread 0x0000000017d38800 Exception <a 'java/lang/ClassNotFoundException': org/gradle/api/tasks/DeleteCustomizer> (0x00000000e0effa40) thrown at [D:\src\AOSP-openjdk-cygwin\jdk8u\hotspot\src\share\vm\classfile\systemDictionary.cpp, line 210]
Event: 44.104 Thread 0x0000000017d38800 Exception <a 'java/lang/ClassNotFoundException': org/gradle/api/tasks/Delete_DecoratedCustomizer> (0x00000000e0f48560) thrown at [D:\src\AOSP-openjdk-cygwin\jdk8u\hotspot\src\share\vm\classfile\systemDictionary.cpp, line 210]
Event: 44.190 Thread 0x0000000017d38800 Exception <a 'java/lang/ClassNotFoundException': build_7plp2e39tpcrexzlygswomdy8BeanInfo> (0x00000000e103cd78) thrown at [D:\src\AOSP-openjdk-cygwin\jdk8u\hotspot\src\share\vm\classfile\systemDictionary.cpp, line 210]
Event: 44.191 Thread 0x0000000017d38800 Exception <a 'java/lang/ClassNotFoundException': build_7plp2e39tpcrexzlygswomdy8Customizer> (0x00000000e1048a78) thrown at [D:\src\AOSP-openjdk-cygwin\jdk8u\hotspot\src\share\vm\classfile\systemDictionary.cpp, line 210]
Event: 44.198 Thread 0x0000000017d38800 Exception <a 'java/lang/ClassNotFoundException': org/gradle/api/internal/plugins/DefaultObjectConfigurationActionBeanInfo> (0x00000000e10b7980) thrown at [D:\src\AOSP-openjdk-cygwin\jdk8u\hotspot\src\share\vm\classfile\systemDictionary.cpp, line 210]
Event: 44.199 Thread 0x0000000017d38800 Exception <a 'java/lang/ClassNotFoundException': org/gradle/api/internal/plugins/DefaultObjectConfigurationActionCustomizer> (0x00000000e10f4b20) thrown at [D:\src\AOSP-openjdk-cygwin\jdk8u\hotspot\src\share\vm\classfile\systemDictionary.cpp, line 210]
Event: 44.779 Thread 0x0000000017d38800 Implicit null exception at 0x0000000002eaadcc to 0x0000000002eb0bb9
Event: 44.779 Thread 0x0000000017d38800 Implicit null exception at 0x0000000002d91015 to 0x0000000002d912fd

Events (10 events):
Event: 45.647 loading class org/apache/commons/compress/archivers/tar/TarArchiveInputStream
Event: 45.647 loading class org/apache/commons/compress/archivers/tar/TarArchiveInputStream done
Event: 45.648 loading class org/apache/commons/compress/archivers/ArchiveInputStream
Event: 45.648 loading class org/apache/commons/compress/archivers/ArchiveInputStream done
Event: 45.649 loading class org/apache/commons/io/input/CloseShieldInputStream
Event: 45.649 loading class org/apache/commons/io/input/CloseShieldInputStream done
Event: 45.649 loading class org/apache/commons/io/input/ProxyInputStream
Event: 45.649 loading class org/apache/commons/io/input/ProxyInputStream done
Event: 45.650 loading class org/apache/commons/compress/archivers/ArchiveEntry
Event: 45.650 loading class org/apache/commons/compress/archivers/ArchiveEntry done


Dynamic libraries:
0x00007ff72a9f0000 - 0x00007ff72aa21000 	C:\Program Files\Android\Android Studio\jre\bin\java.exe
0x00007ffaa52f0000 - 0x00007ffaa54dd000 	C:\Windows\SYSTEM32\ntdll.dll
0x00007ffaa3c10000 - 0x00007ffaa3cc3000 	C:\Windows\System32\KERNEL32.DLL
0x00007ffaa1c50000 - 0x00007ffaa1ee3000 	C:\Windows\System32\KERNELBASE.dll
0x00007ffaa3ee0000 - 0x00007ffaa3f83000 	C:\Windows\System32\ADVAPI32.dll
0x00007ffaa4830000 - 0x00007ffaa48ce000 	C:\Windows\System32\msvcrt.dll
0x00007ffaa4650000 - 0x00007ffaa46ee000 	C:\Windows\System32\sechost.dll
0x00007ffaa4ed0000 - 0x00007ffaa4ff2000 	C:\Windows\System32\RPCRT4.dll
0x00007ffaa48d0000 - 0x00007ffaa4a67000 	C:\Windows\System32\USER32.dll
0x00007ffaa22a0000 - 0x00007ffaa22c0000 	C:\Windows\System32\win32u.dll
0x00007ffaa4e20000 - 0x00007ffaa4e49000 	C:\Windows\System32\GDI32.dll
0x00007ffaa20e0000 - 0x00007ffaa227a000 	C:\Windows\System32\gdi32full.dll
0x00007ffaa2040000 - 0x00007ffaa20e0000 	C:\Windows\System32\msvcp_win.dll
0x00007ffaa1f40000 - 0x00007ffaa203c000 	C:\Windows\System32\ucrtbase.dll
0x00007ffa92290000 - 0x00007ffa92509000 	C:\Windows\WinSxS\amd64_microsoft.windows.common-controls_6595b64144ccf1df_6.0.17763.292_none_05b137b40722e6bb\COMCTL32.dll
0x00007ffaa4a80000 - 0x00007ffaa4dad000 	C:\Windows\System32\combase.dll
0x00007ffaa24a0000 - 0x00007ffaa251e000 	C:\Windows\System32\bcryptPrimitives.dll
0x00007ffaa5000000 - 0x00007ffaa502e000 	C:\Windows\System32\IMM32.DLL
0x0000000077f00000 - 0x0000000077fd2000 	C:\Program Files\Android\Android Studio\jre\jre\bin\msvcr100.dll
0x0000000076200000 - 0x0000000076a46000 	C:\Program Files\Android\Android Studio\jre\jre\bin\server\jvm.dll
0x00007ffaa4a70000 - 0x00007ffaa4a78000 	C:\Windows\System32\PSAPI.DLL
0x00007ffa9dc20000 - 0x00007ffa9dc29000 	C:\Windows\SYSTEM32\WSOCK32.dll
0x00007ffaa4db0000 - 0x00007ffaa4e1d000 	C:\Windows\System32\WS2_32.dll
0x00007ffa9e0d0000 - 0x00007ffa9e0f4000 	C:\Windows\SYSTEM32\WINMM.dll
0x00007ffa92f20000 - 0x00007ffa92f2a000 	C:\Windows\SYSTEM32\VERSION.dll
0x00007ffa9e0a0000 - 0x00007ffa9e0cd000 	C:\Windows\SYSTEM32\WINMMBASE.dll
0x00007ffaa1ef0000 - 0x00007ffaa1f3a000 	C:\Windows\System32\cfgmgr32.dll
0x00007ffa9dc10000 - 0x00007ffa9dc1f000 	C:\Program Files\Android\Android Studio\jre\jre\bin\verify.dll
0x00007ffa99cc0000 - 0x00007ffa99ce9000 	C:\Program Files\Android\Android Studio\jre\jre\bin\java.dll
0x00007ffa9dba0000 - 0x00007ffa9dbb6000 	C:\Program Files\Android\Android Studio\jre\jre\bin\zip.dll
0x00007ffaa2520000 - 0x00007ffaa3a0f000 	C:\Windows\System32\SHELL32.dll
0x00007ffaa5030000 - 0x00007ffaa50d8000 	C:\Windows\System32\shcore.dll
0x00007ffaa13c0000 - 0x00007ffaa1b0a000 	C:\Windows\System32\windows.storage.dll
0x00007ffaa12f0000 - 0x00007ffaa1314000 	C:\Windows\System32\profapi.dll
0x00007ffaa1320000 - 0x00007ffaa137d000 	C:\Windows\System32\powrprof.dll
0x00007ffaa3cd0000 - 0x00007ffaa3d22000 	C:\Windows\System32\shlwapi.dll
0x00007ffaa1380000 - 0x00007ffaa1391000 	C:\Windows\System32\kernel.appcore.dll
0x00007ffaa2280000 - 0x00007ffaa2297000 	C:\Windows\System32\cryptsp.dll
0x00007ffa99ca0000 - 0x00007ffa99cba000 	C:\Program Files\Android\Android Studio\jre\jre\bin\net.dll
0x00007ffaa0b80000 - 0x00007ffaa0be7000 	C:\Windows\system32\mswsock.dll
0x00007ffa99c80000 - 0x00007ffa99c91000 	C:\Program Files\Android\Android Studio\jre\jre\bin\nio.dll
0x00007ffa8e950000 - 0x00007ffa8e976000 	C:\Users\Eshpo'latov Kamol\.gradle\native\29\windows-amd64\native-platform.dll
0x00007ffa99c70000 - 0x00007ffa99c7d000 	C:\Program Files\Android\Android Studio\jre\jre\bin\management.dll
0x00007ffaa0740000 - 0x00007ffaa0773000 	C:\Windows\system32\rsaenh.dll
0x00007ffaa1c20000 - 0x00007ffaa1c46000 	C:\Windows\System32\bcrypt.dll
0x00007ffaa11f0000 - 0x00007ffaa1218000 	C:\Windows\SYSTEM32\USERENV.dll
0x00007ffaa0d50000 - 0x00007ffaa0d5c000 	C:\Windows\SYSTEM32\CRYPTBASE.dll
0x00007ffaa08e0000 - 0x00007ffaa091d000 	C:\Windows\SYSTEM32\IPHLPAPI.DLL
0x00007ffaa50e0000 - 0x00007ffaa50e8000 	C:\Windows\System32\NSI.dll
0x00007ffa982e0000 - 0x00007ffa982f6000 	C:\Windows\SYSTEM32\dhcpcsvc6.DLL
0x00007ffa97da0000 - 0x00007ffa97dbc000 	C:\Windows\SYSTEM32\dhcpcsvc.DLL
0x00007ffaa0920000 - 0x00007ffaa09e6000 	C:\Windows\SYSTEM32\DNSAPI.dll

VM Arguments:
jvm_args: -Xmx1536m -Dfile.encoding=windows-1251 -Duser.country=RU -Duser.language=ru -Duser.variant 
java_command: org.gradle.launcher.daemon.bootstrap.GradleDaemon 5.4.1
java_class_path (initial): C:\Users\Eshpo'latov Kamol\.gradle\wrapper\dists\gradle-5.4.1-all\3221gyojl5jsh0helicew7rwx\gradle-5.4.1\lib\gradle-launcher-5.4.1.jar
Launcher Type: SUN_STANDARD

Environment Variables:
PATH=C:\ProgramData\Oracle\Java\javapath;C:\Program Files\Microsoft MPI\Bin\;C:\Program Files (x86)\Common Files\Oracle\Java\javapath;C:\Windows\system32;C:\Windows;C:\Windows\System32\Wbem;C:\Windows\System32\WindowsPowerShell\v1.0\;C:\Windows\System32\OpenSSH\;C:\Program Files (x86)\NVIDIA Corporation\PhysX\Common;C:\Program Files (x86)\Common Files\lenovo\easyplussdk\bin;C:\Program Files\Microsoft SQL Server\120\DTS\Binn\;C:\Program Files\Microsoft SQL Server\Client SDK\ODBC\110\Tools\Binn\;C:\Program Files (x86)\Microsoft SQL Server\120\Tools\Binn\;C:\Program Files\Microsoft SQL Server\120\Tools\Binn\;C:\Program Files (x86)\Microsoft SQL Server\120\Tools\Binn\ManagementStudio\;C:\Program Files (x86)\Microsoft SQL Server\120\DTS\Binn\;C:\Program Files\Microsoft SQL Server\130\Tools\Binn\;C:\Program Files\nodejs\;C:\Program Files\MongoDB\Server\4.0\bin;C:\Program Files\Microsoft SQL Server\Client SDK\ODBC\170\Tools\Binn\;C:\Program Files\dotnet\;C:\Program Files\Git\cmd;C:\Users\Eshpo'latov Kamol\AppData\Local\Microsoft\WindowsApps;C:\Users\Eshpo'latov Kamol\AppData\Roaming\npm;C:\Users\Eshpo'latov Kamol\AppData\Local\Programs\Microsoft VS Code\bin;C:\Users\Eshpo'latov Kamol\AppData\Local\GitHubDesktop\bin;C:\Users\Eshpo'latov Kamol\.dotnet\tools;
USERNAME=Eshpo'latov Kamol
OS=Windows_NT
PROCESSOR_IDENTIFIER=Intel64 Family 6 Model 61 Stepping 4, GenuineIntel



---------------  S Y S T E M  ---------------

OS: Windows 10.0 , 64 bit Build 17763 (10.0.17763.292)

CPU:total 2 (initial active 2) (2 cores per cpu, 1 threads per core) family 6 model 61 stepping 4, cmov, cx8, fxsr, mmx, sse, sse2, sse3, ssse3, sse4.1, sse4.2, popcnt, clmul, erms, 3dnowpref, lzcnt, tsc, tscinvbit

Memory: 4k page, physical 4111916k(70584k free), swap 4931116k(4116k free)

vm_info: OpenJDK 64-Bit Server VM (25.202-b03) for windows-amd64 JRE (1.8.0_202-release-1483-b03), built by "builder" with MS VC++ 10.0 (VS2010)

time: Wed Nov 27 15:43:21 2019
timezone: RTZ 2 (зима)
elapsed time: 45 seconds (0d 0h 0m 45s)

